<?xml version="1.0" encoding="UTF-8"?>
<testsuite name="JUnit Jupiter" tests="4" skipped="1" failures="0" errors="0" time="12.835" hostname="minhkhoango-lin" timestamp="2020-09-30T00:43:18">
<properties>
[...]
</properties>
<testcase name="test ok http should return google request with no problem()" classname="mytest.OkHttpUnitTest" time="0.441">
<system-out><![CDATA[
unique-id: [engine:junit-jupiter]/[class:mytest.OkHttpUnitTest]/[method:test ok http should return google request with no problem()]
display-name: test ok http should return google request with no problem()
]]></system-out>
</testcase>
<testcase name="3 is equal to 4()" classname="mytest.SimpleUnitTest" time="0">
<skipped><![CDATA[public final void mytest.SimpleUnitTest.3 is equal to 4() is @Disabled]]></skipped>
<system-out><![CDATA[
unique-id: [engine:junit-jupiter]/[class:mytest.SimpleUnitTest]/[method:3 is equal to 4()]
display-name: 3 is equal to 4()
]]></system-out>
</testcase>
<testcase name="isEmpty should return true for empty lists()" classname="mytest.SimpleUnitTest" time="0.001">
<system-out><![CDATA[
unique-id: [engine:junit-jupiter]/[class:mytest.SimpleUnitTest]/[method:isEmpty should return true for empty lists()]
display-name: isEmpty should return true for empty lists()
]]></system-out>
</testcase>
<testcase name="test ok http should return google request with no problem()" classname="mytest.SeleniumhqTest" time="10.927">
<system-out><![CDATA[
unique-id: [engine:junit-jupiter]/[class:mytest.SeleniumhqTest]/[method:test ok http should return google request with no problem()]
display-name: test ok http should return google request with no problem()
]]></system-out>
</testcase>
<system-out><![CDATA[
unique-id: [engine:junit-jupiter]
display-name: JUnit Jupiter
]]></system-out>
</testsuite>
